Timestamp: 0
Process Name: thunderbird
---------------------------------------------
Memory Profile for PID: 4855
---------------------------------------------
Memory Type         | Usage (KB)
---------------------------------------------
Virtual Memory      | 3028376
Resident Memory     | 368560
Heap Allocated      | 0
Heap Freed          | 0
Heap Peak Usage     | 0
Stack Size          | 136
---------------------------------------------


Timestamp: 1
Inference: 
Resident memory decreased.
   Pages in RAM are swapped out to disk (in systems with swap space) or memory is released and is no longer required.
---------------------------------------------
Memory Profile for PID: 4855
---------------------------------------------
Memory Type         | Usage (KB)
---------------------------------------------
Virtual Memory      | 3028376
Resident Memory     | 368132
Heap Allocated      | 0
Heap Freed          | 0
Heap Peak Usage     | 0
Stack Size          | 136
---------------------------------------------


Timestamp: 2
Inference: 
Resident memory decreased.
   Pages in RAM are swapped out to disk (in systems with swap space) or memory is released and is no longer required.
---------------------------------------------
Memory Profile for PID: 4855
---------------------------------------------
Memory Type         | Usage (KB)
---------------------------------------------
Virtual Memory      | 3028376
Resident Memory     | 367512
Heap Allocated      | 0
Heap Freed          | 0
Heap Peak Usage     | 0
Stack Size          | 136
---------------------------------------------


Timestamp: 3
Inference: 
Virtual memory increased.
   The process is storing large datasets, buffers, or mapping files into memory.
   Therefore, workload increased.
Resident memory increased.
   More physical memory (RAM) is being actively used by the application. 
---------------------------------------------
Memory Profile for PID: 4855
---------------------------------------------
Memory Type         | Usage (KB)
---------------------------------------------
Virtual Memory      | 3028408
Resident Memory     | 370496
Heap Allocated      | 0
Heap Freed          | 0
Heap Peak Usage     | 0
Stack Size          | 136
---------------------------------------------


Timestamp: 4
Inference: 
Virtual memory decreased.
   The memory-mapped files or large allocations are being released.
---------------------------------------------
Memory Profile for PID: 4855
---------------------------------------------
Memory Type         | Usage (KB)
---------------------------------------------
Virtual Memory      | 3028376
Resident Memory     | 370496
Heap Allocated      | 0
Heap Freed          | 0
Heap Peak Usage     | 0
Stack Size          | 136
---------------------------------------------


